[HANDLER_VERBOSE_OUTPUT] 
UpdateCTestConfiguration  from :/home/dushn/Testing_diplomski/cmake-build-testing_client/DartConfiguration.tcl

Parse Config file:/home/dushn/Testing_diplomski/cmake-build-testing_client/DartConfiguration.tcl
UpdateCTestConfiguration  from :/home/dushn/Testing_diplomski/cmake-build-testing_client/DartConfiguration.tcl
Parse Config file:/home/dushn/Testing_diplomski/cmake-build-testing_client/DartConfiguration.tcl
[HANDLER_OUTPUT] 
Test project /home/dushn/Testing_diplomski/cmake-build-testing_client

[HANDLER_VERBOSE_OUTPUT] 
Constructing a list of tests

Done constructing a list of tests
Updating test list for fixtures
Added 0 tests to meet fixture requirements
Checking test dependency graph...
Checking test dependency graph end
test 1
[HANDLER_OUTPUT] 
    Start 1: test

[HANDLER_VERBOSE_OUTPUT] 

1: Test command: /home/dushn/Testing_diplomski/cmake-build-testing_client/client "5000"

1: Test timeout computed to be: 5
[HANDLER_OUTPUT] 
1/3 Test #1: test .............................
***Timeout   5.02 sec
[HANDLER_VERBOSE_OUTPUT] 
test 2

[HANDLER_OUTPUT] 
    Start 2: test1

[HANDLER_VERBOSE_OUTPUT] 

2: Test command: /home/dushn/Testing_diplomski/cmake-build-testing_client/client "0000er"

2: Test timeout computed to be: 5
[HANDLER_OUTPUT] 
2/3 Test #2: test1 ............................
***Timeout   5.02 sec
[HANDLER_VERBOSE_OUTPUT] 
test 3

[HANDLER_OUTPUT] 
    Start 3: test2

[HANDLER_VERBOSE_OUTPUT] 

3: Test command: /home/dushn/Testing_diplomski/cmake-build-testing_client/client "5000"

3: Test timeout computed to be: 5
[HANDLER_OUTPUT] 
3/3 Test #3: test2 ............................
***Timeout   5.03 sec

0% tests passed, 3 tests failed out of 3

Total Test time (real) =  15.07 sec

The following tests FAILED:
	  1 - test (Timeout)
	  2 - test1 (Timeout)
	  3 - test2 (Timeout)
[ERROR_MESSAGE] 
Errors while running CTest

